2022-01-07 15:13:07 - PowerGridBenchmark        - INFO    : Creating path reference_data/Benchmark1 to save the current data
2022-01-07 15:17:42 - PowerGridBenchmark        - WARNING : Deleting path reference_data/Benchmark1 that might contain previous runs
2022-01-07 15:17:42 - PowerGridBenchmark        - INFO    : Creating path reference_data/Benchmark1 to save the current data
2022-01-07 15:30:38 - PowerGridDataSet          - INFO    : Creating the path /mnt/c/Users/milad.leyli-abadi/Documents/PythonScripts/RTE/NeurIPS/LIPS/reference_data/Benchmark1/train to store the dataset name train
2022-01-07 15:32:09 - PowerGridDataSet          - INFO    : Creating the path /mnt/c/Users/milad.leyli-abadi/Documents/PythonScripts/RTE/NeurIPS/LIPS/reference_data/Benchmark1/val to store the dataset name val
2022-01-07 15:34:49 - PowerGridDataSet          - INFO    : Creating the path /mnt/c/Users/milad.leyli-abadi/Documents/PythonScripts/RTE/NeurIPS/LIPS/reference_data/Benchmark1/test to store the dataset name test
2022-01-07 15:42:04 - PowerGridDataSet          - INFO    : Creating the path /mnt/c/Users/milad.leyli-abadi/Documents/PythonScripts/RTE/NeurIPS/LIPS/reference_data/Benchmark1/test_ood_topo to store the dataset name test_ood_topo
2022-01-08 12:38:53 - PowerGridBenchmark        - INFO    : Benchmark Benchmark1, evaluation using dc_approximation on val dataset
2022-01-08 12:44:51 - metric_percentage         - INFO    : mape90 for a_or is : 0.161
2022-01-08 12:44:51 - metric_percentage         - INFO    : mape90 for a_ex is : 0.144
2022-01-08 12:44:51 - metric_percentage         - INFO    : MAE90 for a_or is : 103.822
2022-01-08 12:44:51 - metric_percentage         - INFO    : MAE90 for a_ex is : 131.972
2022-01-08 12:44:51 - BasicVerifier             - INFO    : Current positivity check passed for origin side !
2022-01-08 12:44:51 - BasicVerifier             - INFO    : Current positivity check passed for extremity side !
2022-01-08 12:44:51 - BasicVerifier             - INFO    : Prediction in presence of line disconnection. Check passed !
2022-01-08 12:44:51 - PowerGridBenchmark        - INFO    : Evaluation on val dataset was successful!
2022-01-08 12:44:51 - PowerGridBenchmark        - INFO    : Benchmark Benchmark1, evaluation using dc_approximation on test dataset
2022-01-08 12:50:23 - metric_percentage         - INFO    : mape90 for a_or is : 0.163
2022-01-08 12:50:23 - metric_percentage         - INFO    : mape90 for a_ex is : 0.146
2022-01-08 12:50:23 - metric_percentage         - INFO    : MAE90 for a_or is : 118.481
2022-01-08 12:50:23 - metric_percentage         - INFO    : MAE90 for a_ex is : 146.937
2022-01-08 12:50:23 - BasicVerifier             - INFO    : Current positivity check passed for origin side !
2022-01-08 12:50:23 - BasicVerifier             - INFO    : Current positivity check passed for extremity side !
2022-01-08 12:50:23 - BasicVerifier             - INFO    : Prediction in presence of line disconnection. Check passed !
2022-01-08 12:50:23 - PowerGridBenchmark        - INFO    : Evaluation on test dataset was successful!
2022-01-08 12:50:23 - PowerGridBenchmark        - INFO    : Benchmark Benchmark1, evaluation using dc_approximation on test_ood_topo dataset
2022-01-08 12:56:14 - metric_percentage         - INFO    : mape90 for a_or is : 0.179
2022-01-08 12:56:14 - metric_percentage         - INFO    : mape90 for a_ex is : 0.162
2022-01-08 12:56:14 - metric_percentage         - INFO    : MAE90 for a_or is : 157.941
2022-01-08 12:56:14 - metric_percentage         - INFO    : MAE90 for a_ex is : 186.850
2022-01-08 12:56:14 - BasicVerifier             - INFO    : Current positivity check passed for origin side !
2022-01-08 12:56:14 - BasicVerifier             - INFO    : Current positivity check passed for extremity side !
2022-01-08 12:56:14 - BasicVerifier             - INFO    : Prediction in presence of line disconnection. Check passed !
2022-01-08 12:56:14 - PowerGridBenchmark        - INFO    : Evaluation on test_ood_topo dataset was successful!
2022-01-08 13:00:41 - PowerGridBenchmark        - INFO    : Benchmark Benchmark1, evaluation using FullyConnectedAS on val dataset
2022-01-08 13:00:42 - metric_percentage         - INFO    : mape90 for a_or is : 0.006
2022-01-08 13:00:42 - metric_percentage         - INFO    : mape90 for a_ex is : 0.006
2022-01-08 13:00:42 - metric_percentage         - INFO    : MAE90 for a_or is : 2.623
2022-01-08 13:00:42 - metric_percentage         - INFO    : MAE90 for a_ex is : 3.710
2022-01-08 13:00:42 - BasicVerifier             - INFO    : the sum of negative current values (A) at origin: 4742.634
2022-01-08 13:00:42 - BasicVerifier             - INFO    : the sum of negative current values (A) at extremity: 7755.413
2022-01-08 13:00:42 - BasicVerifier             - INFO    : Prediction in presence of line disconnection. Problem encountered !
2022-01-08 13:00:42 - PowerGridBenchmark        - INFO    : Evaluation on val dataset was successful!
2022-01-08 13:00:42 - PowerGridBenchmark        - INFO    : Benchmark Benchmark1, evaluation using FullyConnectedAS on test dataset
2022-01-08 13:00:43 - metric_percentage         - INFO    : mape90 for a_or is : 0.007
2022-01-08 13:00:43 - metric_percentage         - INFO    : mape90 for a_ex is : 0.007
2022-01-08 13:00:43 - metric_percentage         - INFO    : MAE90 for a_or is : 3.527
2022-01-08 13:00:43 - metric_percentage         - INFO    : MAE90 for a_ex is : 4.998
2022-01-08 13:00:43 - BasicVerifier             - INFO    : the sum of negative current values (A) at origin: 8368.779
2022-01-08 13:00:43 - BasicVerifier             - INFO    : the sum of negative current values (A) at extremity: 13404.016
2022-01-08 13:00:43 - BasicVerifier             - INFO    : Prediction in presence of line disconnection. Problem encountered !
2022-01-08 13:00:43 - PowerGridBenchmark        - INFO    : Evaluation on test dataset was successful!
2022-01-08 13:00:43 - PowerGridBenchmark        - INFO    : Benchmark Benchmark1, evaluation using FullyConnectedAS on test_ood_topo dataset
2022-01-08 13:00:44 - metric_percentage         - INFO    : mape90 for a_or is : 0.195
2022-01-08 13:00:44 - metric_percentage         - INFO    : mape90 for a_ex is : 0.194
2022-01-08 13:00:44 - metric_percentage         - INFO    : MAE90 for a_or is : 137.149
2022-01-08 13:00:44 - metric_percentage         - INFO    : MAE90 for a_ex is : 183.679
2022-01-08 13:00:44 - BasicVerifier             - INFO    : the sum of negative current values (A) at origin: 37405.691
2022-01-08 13:00:44 - BasicVerifier             - INFO    : the sum of negative current values (A) at extremity: 47710.871
2022-01-08 13:00:44 - BasicVerifier             - INFO    : Prediction in presence of line disconnection. Problem encountered !
2022-01-08 13:00:44 - PowerGridBenchmark        - INFO    : Evaluation on test_ood_topo dataset was successful!
